[2026-01-21 12:16:30,798] INFO Skipping recovery for all logs in /kafka/kafka-logs-73f2968db5b9 since clean shutdown file was found (kafka.log.LogManager)
[2026-01-21 12:16:30,828] INFO [Log partition=files_proxy-0, dir=/kafka/kafka-logs-73f2968db5b9] Loading producer state till offset 0 with message format version 2 (kafka.log.Log)
[2026-01-21 12:16:30,831] INFO Completed load of Log(dir=/kafka/kafka-logs-73f2968db5b9/files_proxy-0, topic=files_proxy, partition=0, highWatermark=0, lastStableOffset=0, logStartOffset=0, logEndOffset=0) with 1 segments in 29ms (1/8 loaded in /kafka/kafka-logs-73f2968db5b9) (kafka.log.LogManager)
[2026-01-21 12:16:30,834] INFO [Log partition=esize_logic-0, dir=/kafka/kafka-logs-73f2968db5b9] Loading producer state till offset 0 with message format version 2 (kafka.log.Log)
[2026-01-21 12:16:30,835] INFO Completed load of Log(dir=/kafka/kafka-logs-73f2968db5b9/esize_logic-0, topic=esize_logic, partition=0, highWatermark=0, lastStableOffset=0, logStartOffset=0, logEndOffset=0) with 1 segments in 4ms (2/8 loaded in /kafka/kafka-logs-73f2968db5b9) (kafka.log.LogManager)
[2026-01-21 12:16:30,836] INFO [Log partition=cntrlalgo_events-0, dir=/kafka/kafka-logs-73f2968db5b9] Loading producer state till offset 0 with message format version 2 (kafka.log.Log)
[2026-01-21 12:16:30,838] INFO Completed load of Log(dir=/kafka/kafka-logs-73f2968db5b9/cntrlalgo_events-0, topic=cntrlalgo_events, partition=0, highWatermark=0, lastStableOffset=0, logStartOffset=0, logEndOffset=0) with 1 segments in 3ms (3/8 loaded in /kafka/kafka-logs-73f2968db5b9) (kafka.log.LogManager)
[2026-01-21 12:16:30,841] INFO [Log partition=esize_out-0, dir=/kafka/kafka-logs-73f2968db5b9] Loading producer state till offset 0 with message format version 2 (kafka.log.Log)
[2026-01-21 12:16:30,843] INFO Completed load of Log(dir=/kafka/kafka-logs-73f2968db5b9/esize_out-0, topic=esize_out, partition=0, highWatermark=0, lastStableOffset=0, logStartOffset=0, logEndOffset=0) with 1 segments in 3ms (4/8 loaded in /kafka/kafka-logs-73f2968db5b9) (kafka.log.LogManager)
[2026-01-21 12:16:30,844] INFO [Log partition=cntrlalgo_out-0, dir=/kafka/kafka-logs-73f2968db5b9] Loading producer state till offset 0 with message format version 2 (kafka.log.Log)
[2026-01-21 12:16:30,846] INFO Completed load of Log(dir=/kafka/kafka-logs-73f2968db5b9/cntrlalgo_out-0, topic=cntrlalgo_out, partition=0, highWatermark=0, lastStableOffset=0, logStartOffset=0, logEndOffset=0) with 1 segments in 3ms (5/8 loaded in /kafka/kafka-logs-73f2968db5b9) (kafka.log.LogManager)
[2026-01-21 12:16:30,847] INFO [Log partition=esize_events-0, dir=/kafka/kafka-logs-73f2968db5b9] Loading producer state till offset 0 with message format version 2 (kafka.log.Log)
[2026-01-21 12:16:30,849] INFO Completed load of Log(dir=/kafka/kafka-logs-73f2968db5b9/esize_events-0, topic=esize_events, partition=0, highWatermark=0, lastStableOffset=0, logStartOffset=0, logEndOffset=0) with 1 segments in 3ms (6/8 loaded in /kafka/kafka-logs-73f2968db5b9) (kafka.log.LogManager)
[2026-01-21 12:16:30,850] INFO [Log partition=cntrlalgo_fileproxy-0, dir=/kafka/kafka-logs-73f2968db5b9] Loading producer state till offset 0 with message format version 2 (kafka.log.Log)
[2026-01-21 12:16:30,852] INFO Completed load of Log(dir=/kafka/kafka-logs-73f2968db5b9/cntrlalgo_fileproxy-0, topic=cntrlalgo_fileproxy, partition=0, highWatermark=0, lastStableOffset=0, logStartOffset=0, logEndOffset=0) with 1 segments in 2ms (7/8 loaded in /kafka/kafka-logs-73f2968db5b9) (kafka.log.LogManager)
[2026-01-21 12:16:30,853] INFO [Log partition=cntrlalgo_in-0, dir=/kafka/kafka-logs-73f2968db5b9] Loading producer state till offset 0 with message format version 2 (kafka.log.Log)
[2026-01-21 12:16:30,854] INFO Completed load of Log(dir=/kafka/kafka-logs-73f2968db5b9/cntrlalgo_in-0, topic=cntrlalgo_in, partition=0, highWatermark=0, lastStableOffset=0, logStartOffset=0, logEndOffset=0) with 1 segments in 2ms (8/8 loaded in /kafka/kafka-logs-73f2968db5b9) (kafka.log.LogManager)
[2026-01-21 12:16:30,854] INFO Loaded 8 logs in 58ms. (kafka.log.LogManager)
[2026-01-21 12:16:30,855] INFO Starting log cleanup with a period of 300000 ms. (kafka.log.LogManager)
[2026-01-21 12:16:30,856] INFO Starting log flusher with a default period of 9223372036854775807 ms. (kafka.log.LogManager)
[2026-01-21 12:16:31,045] INFO Updated connection-accept-rate max connection creation rate to 2147483647 (kafka.network.ConnectionQuotas)
[2026-01-21 12:16:31,047] INFO Awaiting socket connections on 0.0.0.0:9092. (kafka.network.Acceptor)
[2026-01-21 12:16:31,067] INFO [SocketServer listenerType=ZK_BROKER, nodeId=1002] Created data-plane acceptor and processors for endpoint : ListenerName(PLAINTEXT) (kafka.network.SocketServer)
[2026-01-21 12:16:31,078] INFO [broker-1002-to-controller-send-thread]: Starting (kafka.server.BrokerToControllerRequestThread)
[2026-01-21 12:16:31,086] INFO [ExpirationReaper-1002-Produce]: Starting (kafka.server.DelayedOperationPurgatory$ExpiredOperationReaper)
[2026-01-21 12:16:31,088] INFO [ExpirationReaper-1002-Fetch]: Starting (kafka.server.DelayedOperationPurgatory$ExpiredOperationReaper)
[2026-01-21 12:16:31,088] INFO [ExpirationReaper-1002-DeleteRecords]: Starting (kafka.server.DelayedOperationPurgatory$ExpiredOperationReaper)
[2026-01-21 12:16:31,089] INFO [ExpirationReaper-1002-ElectLeader]: Starting (kafka.server.DelayedOperationPurgatory$ExpiredOperationReaper)
[2026-01-21 12:16:31,093] INFO [LogDirFailureHandler]: Starting (kafka.server.ReplicaManager$LogDirFailureHandler)
[2026-01-21 12:16:31,120] INFO Creating /brokers/ids/1002 (is it secure? false) (kafka.zk.KafkaZkClient)
[2026-01-21 12:16:31,126] ERROR Error while creating ephemeral at /brokers/ids/1002, node already exists and owner '72065241403098143' does not match current session '72065241403098145' (kafka.zk.KafkaZkClient$CheckedEphemeral)
[2026-01-21 12:16:31,129] ERROR [KafkaServer id=1002] Fatal error during KafkaServer startup. Prepare to shutdown (kafka.server.KafkaServer)
org.apache.zookeeper.KeeperException$NodeExistsException: KeeperErrorCode = NodeExists
	at org.apache.zookeeper.KeeperException.create(KeeperException.java:126)
	at kafka.zk.KafkaZkClient$CheckedEphemeral.getAfterNodeExists(KafkaZkClient.scala:1904)
	at kafka.zk.KafkaZkClient$CheckedEphemeral.create(KafkaZkClient.scala:1842)
	at kafka.zk.KafkaZkClient.checkedEphemeralCreate(KafkaZkClient.scala:1809)
	at kafka.zk.KafkaZkClient.registerBroker(KafkaZkClient.scala:96)
	at kafka.server.KafkaServer.startup(KafkaServer.scala:308)
	at kafka.Kafka$.main(Kafka.scala:109)
	at kafka.Kafka.main(Kafka.scala)
[2026-01-21 12:16:31,130] INFO [KafkaServer id=1002] shutting down (kafka.server.KafkaServer)
[2026-01-21 12:16:31,130] INFO [SocketServer listenerType=ZK_BROKER, nodeId=1002] Stopping socket server request processors (kafka.network.SocketServer)
[2026-01-21 12:16:31,131] INFO [SocketServer listenerType=ZK_BROKER, nodeId=1002] Stopped socket server request processors (kafka.network.SocketServer)
[2026-01-21 12:16:31,133] INFO [ReplicaManager broker=1002] Shutting down (kafka.server.ReplicaManager)
[2026-01-21 12:16:31,133] INFO [LogDirFailureHandler]: Shutting down (kafka.server.ReplicaManager$LogDirFailureHandler)
[2026-01-21 12:16:31,134] INFO [LogDirFailureHandler]: Shutdown completed (kafka.server.ReplicaManager$LogDirFailureHandler)
[2026-01-21 12:16:31,134] INFO [LogDirFailureHandler]: Stopped (kafka.server.ReplicaManager$LogDirFailureHandler)
[2026-01-21 12:16:31,134] INFO [ReplicaFetcherManager on broker 1002] shutting down (kafka.server.ReplicaFetcherManager)
[2026-01-21 12:16:31,134] INFO [ReplicaFetcherManager on broker 1002] shutdown completed (kafka.server.ReplicaFetcherManager)
[2026-01-21 12:16:31,134] INFO [ReplicaAlterLogDirsManager on broker 1002] shutting down (kafka.server.ReplicaAlterLogDirsManager)
[2026-01-21 12:16:31,134] INFO [ReplicaAlterLogDirsManager on broker 1002] shutdown completed (kafka.server.ReplicaAlterLogDirsManager)
[2026-01-21 12:16:31,134] INFO [ExpirationReaper-1002-Fetch]: Shutting down (kafka.server.DelayedOperationPurgatory$ExpiredOperationReaper)
[2026-01-21 12:16:31,288] INFO [ExpirationReaper-1002-Fetch]: Stopped (kafka.server.DelayedOperationPurgatory$ExpiredOperationReaper)
[2026-01-21 12:16:31,288] INFO [ExpirationReaper-1002-Fetch]: Shutdown completed (kafka.server.DelayedOperationPurgatory$ExpiredOperationReaper)
[2026-01-21 12:16:31,289] INFO [ExpirationReaper-1002-Produce]: Shutting down (kafka.server.DelayedOperationPurgatory$ExpiredOperationReaper)
[2026-01-21 12:16:31,491] INFO [ExpirationReaper-1002-Produce]: Stopped (kafka.server.DelayedOperationPurgatory$ExpiredOperationReaper)
[2026-01-21 12:16:31,492] INFO [ExpirationReaper-1002-Produce]: Shutdown completed (kafka.server.DelayedOperationPurgatory$ExpiredOperationReaper)
[2026-01-21 12:16:31,493] INFO [ExpirationReaper-1002-DeleteRecords]: Shutting down (kafka.server.DelayedOperationPurgatory$ExpiredOperationReaper)
[2026-01-21 12:16:31,696] INFO [ExpirationReaper-1002-DeleteRecords]: Stopped (kafka.server.DelayedOperationPurgatory$ExpiredOperationReaper)
[2026-01-21 12:16:31,696] INFO [ExpirationReaper-1002-DeleteRecords]: Shutdown completed (kafka.server.DelayedOperationPurgatory$ExpiredOperationReaper)
[2026-01-21 12:16:31,699] INFO [ExpirationReaper-1002-ElectLeader]: Shutting down (kafka.server.DelayedOperationPurgatory$ExpiredOperationReaper)
[2026-01-21 12:16:31,897] INFO [ExpirationReaper-1002-ElectLeader]: Stopped (kafka.server.DelayedOperationPurgatory$ExpiredOperationReaper)
[2026-01-21 12:16:31,897] INFO [ExpirationReaper-1002-ElectLeader]: Shutdown completed (kafka.server.DelayedOperationPurgatory$ExpiredOperationReaper)
[2026-01-21 12:16:31,909] INFO [ReplicaManager broker=1002] Shut down completely (kafka.server.ReplicaManager)
[2026-01-21 12:16:31,910] INFO [broker-1002-to-controller-send-thread]: Shutting down (kafka.server.BrokerToControllerRequestThread)
[2026-01-21 12:16:31,911] INFO [broker-1002-to-controller-send-thread]: Stopped (kafka.server.BrokerToControllerRequestThread)
[2026-01-21 12:16:31,911] INFO [broker-1002-to-controller-send-thread]: Shutdown completed (kafka.server.BrokerToControllerRequestThread)
[2026-01-21 12:16:31,917] INFO Broker to controller channel manager for alterIsrChannel shutdown (kafka.server.BrokerToControllerChannelManagerImpl)
[2026-01-21 12:16:31,918] INFO Shutting down. (kafka.log.LogManager)
[2026-01-21 12:16:31,936] INFO Shutdown complete. (kafka.log.LogManager)
[2026-01-21 12:16:31,937] INFO [feature-zk-node-event-process-thread]: Shutting down (kafka.server.FinalizedFeatureChangeListener$ChangeNotificationProcessorThread)
[2026-01-21 12:16:31,937] INFO [feature-zk-node-event-process-thread]: Stopped (kafka.server.FinalizedFeatureChangeListener$ChangeNotificationProcessorThread)
[2026-01-21 12:16:31,937] INFO [feature-zk-node-event-process-thread]: Shutdown completed (kafka.server.FinalizedFeatureChangeListener$ChangeNotificationProcessorThread)
[2026-01-21 12:16:31,937] INFO [ZooKeeperClient Kafka server] Closing. (kafka.zookeeper.ZooKeeperClient)
[2026-01-21 12:16:32,041] INFO Session: 0x10006f48a7c0421 closed (org.apache.zookeeper.ZooKeeper)
[2026-01-21 12:16:32,041] INFO EventThread shut down for session: 0x10006f48a7c0421 (org.apache.zookeeper.ClientCnxn)
[2026-01-21 12:16:32,042] INFO [ZooKeeperClient Kafka server] Closed. (kafka.zookeeper.ZooKeeperClient)
[2026-01-21 12:16:32,042] INFO [ThrottledChannelReaper-Fetch]: Shutting down (kafka.server.ClientQuotaManager$ThrottledChannelReaper)
[2026-01-21 12:16:32,762] INFO [ThrottledChannelReaper-Fetch]: Stopped (kafka.server.ClientQuotaManager$ThrottledChannelReaper)
[2026-01-21 12:16:32,762] INFO [ThrottledChannelReaper-Fetch]: Shutdown completed (kafka.server.ClientQuotaManager$ThrottledChannelReaper)
[2026-01-21 12:16:32,763] INFO [ThrottledChannelReaper-Produce]: Shutting down (kafka.server.ClientQuotaManager$ThrottledChannelReaper)
[2026-01-21 12:16:33,763] INFO [ThrottledChannelReaper-Produce]: Stopped (kafka.server.ClientQuotaManager$ThrottledChannelReaper)
[2026-01-21 12:16:33,763] INFO [ThrottledChannelReaper-Produce]: Shutdown completed (kafka.server.ClientQuotaManager$ThrottledChannelReaper)
[2026-01-21 12:16:33,763] INFO [ThrottledChannelReaper-Request]: Shutting down (kafka.server.ClientQuotaManager$ThrottledChannelReaper)
[2026-01-21 12:16:34,767] INFO [ThrottledChannelReaper-Request]: Stopped (kafka.server.ClientQuotaManager$ThrottledChannelReaper)
[2026-01-21 12:16:34,768] INFO [ThrottledChannelReaper-Request]: Shutdown completed (kafka.server.ClientQuotaManager$ThrottledChannelReaper)
[2026-01-21 12:16:34,769] INFO [ThrottledChannelReaper-ControllerMutation]: Shutting down (kafka.server.ClientQuotaManager$ThrottledChannelReaper)
[2026-01-21 12:16:35,772] INFO [ThrottledChannelReaper-ControllerMutation]: Shutdown completed (kafka.server.ClientQuotaManager$ThrottledChannelReaper)
[2026-01-21 12:16:35,772] INFO [ThrottledChannelReaper-ControllerMutation]: Stopped (kafka.server.ClientQuotaManager$ThrottledChannelReaper)
[2026-01-21 12:16:35,778] INFO [SocketServer listenerType=ZK_BROKER, nodeId=1002] Shutting down socket server (kafka.network.SocketServer)
[2026-01-21 12:16:35,807] INFO [SocketServer listenerType=ZK_BROKER, nodeId=1002] Shutdown completed (kafka.network.SocketServer)
[2026-01-21 12:16:35,808] INFO Metrics scheduler closed (org.apache.kafka.common.metrics.Metrics)
[2026-01-21 12:16:35,808] INFO Closing reporter org.apache.kafka.common.metrics.JmxReporter (org.apache.kafka.common.metrics.Metrics)
[2026-01-21 12:16:35,808] INFO Metrics reporters closed (org.apache.kafka.common.metrics.Metrics)
[2026-01-21 12:16:35,809] INFO Broker and topic stats closed (kafka.server.BrokerTopicStats)
[2026-01-21 12:16:35,811] INFO App info kafka.server for 1002 unregistered (org.apache.kafka.common.utils.AppInfoParser)
[2026-01-21 12:16:35,812] INFO [KafkaServer id=1002] shut down completed (kafka.server.KafkaServer)
[2026-01-21 12:16:35,812] ERROR Exiting Kafka. (kafka.Kafka$)
[2026-01-21 12:16:35,812] INFO [KafkaServer id=1002] shutting down (kafka.server.KafkaServer)
